[15:30:49] COMMIT SPLITTER - Analyzing Repository
[15:30:49] ============================================================
[15:30:49] Analyzing 21 commits...

[15:30:49] 154482eb: 4767 files - 🚀 PHASE 1: Core Multi-Agent Framework Integrati
[15:30:49] Error getting commit details: 'NoneType' object has no attribute 'strip'
[15:30:49] 87391583:    1 files - 🧠 AGENT B: AI Intelligence Framework Documentat
[15:30:49] 8c732ed6:    4 files - 🧪 Agent C: Comprehensive Testing Framework Enha
[15:30:49] Error getting commit details: 'NoneType' object has no attribute 'strip'
[15:30:49] Error getting commit details: 'NoneType' object has no attribute 'strip'
[15:30:50] 1748f70c:    5 files - 📊 Git Push Progress Monitoring Tools & Updated 
[15:30:50] 7f732892:  170 files - 🔨 Agent A Hour 0-2: Complete modularization of 
[15:30:50] 16f6e3d4:    3 files - 🔧 Agent D Hour 0-4: Resource Allocator Modulari
[15:30:50] 8f9c90f7:   16 files - 🔧 Agent D Hour 4-6: Code Optimizer Modularizati
[15:30:50] 39e58b26:   11 files - 🔧 Agent D Hour 6-8: Command Center Modularizati
[15:30:50] a8e29d45:   19 files - 🔧 Agent D Hour 8-12: Business Logic & Prescript
[15:30:50] 72485086:   32 files - 🔧 Agent Work Integration - Dashboard & Surveill
[15:30:50] a9cb7080:    3 files - Agent C Phase 4 Complete: Ultimate Intelligence Sy
[15:30:50] 16f128f2:    1 files - 📊 Agent C Phase 4 Complete: Ultimate Intelligen
[15:30:50] c7fe8bf8:    1 files - 🚀 Agent C Phase 5 Complete: Unified Intelligenc
[15:30:50] df6b3a37:    4 files - ✨ Language Cleanup & System Integration Testing 
[15:30:50] 5dc644b8:    1 files - ⚡ Phase 6 Complete: Performance Optimization & P
[15:30:50] 7bcbd391:    2 files - 🧠 Phase 7 Complete: Advanced System Capabilitie
[15:30:50] Error getting commit details: 'NoneType' object has no attribute 'strip'
[15:30:50] Error getting commit details: 'NoneType' object has no attribute 'strip'
[15:30:50] 
Found 2 large commits that may need splitting:
[15:30:50]   154482eb: 4767 files - 🚀 PHASE 1: Core Multi-Agent Framework Integrati
[15:30:50]   7f732892: 170 files - 🔨 Agent A Hour 0-2: Complete modularization of 
[15:30:50] 
Recommendation: Split commits with >50 files for reliable pushing
[15:30:50] 
Largest commit: 154482eb (4767 files)
[15:30:50] 
ERROR: EOF when reading a line
[15:30:59] COMMIT SPLITTER - Analyzing Repository
[15:30:59] ============================================================
[15:30:59] Analyzing 21 commits...

[15:30:59] 154482eb: 4767 files - 🚀 PHASE 1: Core Multi-Agent Framework Integrati
[15:30:59] Error getting commit details: 'NoneType' object has no attribute 'strip'
[15:30:59] 87391583:    1 files - 🧠 AGENT B: AI Intelligence Framework Documentat
[15:30:59] 8c732ed6:    4 files - 🧪 Agent C: Comprehensive Testing Framework Enha
[15:30:59] Error getting commit details: 'NoneType' object has no attribute 'strip'
[15:30:59] Error getting commit details: 'NoneType' object has no attribute 'strip'
[15:30:59] 1748f70c:    5 files - 📊 Git Push Progress Monitoring Tools & Updated 
[15:30:59] 7f732892:  170 files - 🔨 Agent A Hour 0-2: Complete modularization of 
[15:30:59] 16f6e3d4:    3 files - 🔧 Agent D Hour 0-4: Resource Allocator Modulari
[15:30:59] 8f9c90f7:   16 files - 🔧 Agent D Hour 4-6: Code Optimizer Modularizati
[15:30:59] 39e58b26:   11 files - 🔧 Agent D Hour 6-8: Command Center Modularizati
[15:30:59] a8e29d45:   19 files - 🔧 Agent D Hour 8-12: Business Logic & Prescript
[15:30:59] 72485086:   32 files - 🔧 Agent Work Integration - Dashboard & Surveill
[15:30:59] a9cb7080:    3 files - Agent C Phase 4 Complete: Ultimate Intelligence Sy
[15:30:59] 16f128f2:    1 files - 📊 Agent C Phase 4 Complete: Ultimate Intelligen
[15:30:59] c7fe8bf8:    1 files - 🚀 Agent C Phase 5 Complete: Unified Intelligenc
[15:30:59] df6b3a37:    4 files - ✨ Language Cleanup & System Integration Testing 
[15:30:59] 5dc644b8:    1 files - ⚡ Phase 6 Complete: Performance Optimization & P
[15:30:59] 7bcbd391:    2 files - 🧠 Phase 7 Complete: Advanced System Capabilitie
[15:30:59] Error getting commit details: 'NoneType' object has no attribute 'strip'
[15:30:59] Error getting commit details: 'NoneType' object has no attribute 'strip'
[15:30:59] 
Found 2 large commits that may need splitting:
[15:30:59]   154482eb: 4767 files - 🚀 PHASE 1: Core Multi-Agent Framework Integrati
[15:30:59]   7f732892: 170 files - 🔨 Agent A Hour 0-2: Complete modularization of 
[15:30:59] 
Recommendation: Split commits with >50 files for reliable pushing
[15:30:59] 
Largest commit: 154482eb (4767 files)
[15:30:59] SPLITTING: Analyzing commit 154482eb
[15:30:59] Original commit: 4767 files
[15:30:59] Author: TestMaster AI <testmaster@ai.generated>
[15:30:59] Date: 2025-08-21 22:35:30 -0500
[15:30:59] Message: 🚀 PHASE 1: Core Multi-Agent Framework Integration
[15:30:59] Analyzing file sizes...
